[Object: null prototype] {
  id: 'nodejs',
  title: 'nodejs',
  description: 'node jsads'
}
[Object: null prototype] {
  id: 'nodejs',
  title: 'nodejs',
  description: 'node jsads'
}
[Object: null prototype] {
  id: 'nodejs',
  title: 'nodejs',
  description: 'node js'
}
[Object: null prototype] {
  id: 'nodejs',
  title: 'nodejs',
  description: 'node jssf'
}
[Object: null prototype] {
  id: 'nodejs',
  title: 'nodejs',
  description: 'node jssf'
}
[Object: null prototype] {
  id: 'nodejs',
  title: 'nodejs',
  description: 'node jssf'
}
[Object: null prototype] {
  id: 'nodejs',
  title: 'nodejs3',
  description: 'node jssf'
}
[Object: null prototype] {
  id: 'nodejs',
  title: 'nodejs3',
  description: 'node jssf'
}
